<?xml version="1.0" encoding="UTF-8"?>
<!-- Generated by org.testng.reporters.JUnitXMLReporter -->
<testsuite ignored="1" hostname="Revision-PC" failures="0" tests="4" name="Test" time="0.122" errors="0" timestamp="2025-02-26T18:21:23 IST">
  <testcase classname="com.testngexample.GroupingExample" name="Login" time="0.022"/>
  <testcase classname="com.testngexample.GroupingExample" name="addItemToCart" time="0.006"/>
  <testcase classname="com.testngexample.GroupingExample" name="openBrowser" time="0.007"/>
  <testcase classname="com.testngexample.GroupingExample" name="placeOrder" time="0.004"/>
  <testcase classname="com.testngexample.GroupingExample" name="AddMobile" time="0.0">
    <ignored/>
  </testcase> <!-- AddMobile -->
</testsuite> <!-- Test -->
