<?xml version="1.0" encoding="UTF-8"?>
<testng-results ignored="0" total="2" passed="2" failed="0" skipped="0">
  <reporter-output>
  </reporter-output>
  <suite started-at="2025-02-27T21:51:37 IST" name="ParallelTestExample" finished-at="2025-02-27T21:51:53 IST" duration-ms="15680">
    <groups>
    </groups>
    <test started-at="2025-02-27T21:51:37 IST" name="Chrome Test" finished-at="2025-02-27T21:51:53 IST" duration-ms="15680">
      <class name="com.testngexample.ParallelTestSameBrowser">
        <test-method is-config="true" signature="startBrowser(java.lang.String)[pri:0, instance:com.testngexample.ParallelTestSameBrowser@2d7275fc]" started-at="2025-02-27T21:51:37 IST" name="startBrowser" finished-at="2025-02-27T21:51:40 IST" duration-ms="2750" status="PASS">
          <params>
            <param index="0">
              <value>
                <![CDATA[chrome]]>
              </value>
            </param>
          </params>
          <reporter-output>
          </reporter-output>
        </test-method> <!-- startBrowser -->
        <test-method signature="openGooglePage()[pri:0, instance:com.testngexample.ParallelTestSameBrowser@2d7275fc]" started-at="2025-02-27T21:51:40 IST" name="openGooglePage" finished-at="2025-02-27T21:51:46 IST" duration-ms="6219" status="PASS">
          <reporter-output>
          </reporter-output>
        </test-method> <!-- openGooglePage -->
        <test-method signature="openYahooPage()[pri:0, instance:com.testngexample.ParallelTestSameBrowser@2d7275fc]" started-at="2025-02-27T21:51:46 IST" name="openYahooPage" finished-at="2025-02-27T21:51:53 IST" duration-ms="6376" status="PASS">
          <reporter-output>
          </reporter-output>
        </test-method> <!-- openYahooPage -->
        <test-method is-config="true" signature="closeBrowser()[pri:0, instance:com.testngexample.ParallelTestSameBrowser@2d7275fc]" started-at="2025-02-27T21:51:53 IST" name="closeBrowser" finished-at="2025-02-27T21:51:53 IST" duration-ms="271" status="PASS">
          <reporter-output>
          </reporter-output>
        </test-method> <!-- closeBrowser -->
      </class> <!-- com.testngexample.ParallelTestSameBrowser -->
    </test> <!-- Chrome Test -->
  </suite> <!-- ParallelTestExample -->
</testng-results>
