<?xml version="1.0" encoding="UTF-8"?>
<!-- Generated by org.testng.reporters.JUnitXMLReporter -->
<testsuite ignored="0" hostname="Revision-PC" failures="0" tests="3" name="Default test" time="0.262" errors="0" timestamp="2025-03-08T22:29:42 IST">
  <testcase classname="com.datadrivenexamples.DataProviderClassEx" name="sampleTest" time="0.049"/>
  <testcase classname="com.datadrivenexamples.DataProviderClassEx" name="sampleTest" time="0.008"/>
  <testcase classname="com.datadrivenexamples.DataProviderClassEx" name="sampleTest" time="0.014"/>
</testsuite> <!-- Default test -->
