<?xml version="1.0" encoding="UTF-8"?>
<testng-results ignored="0" total="5" passed="5" failed="0" skipped="0">
  <reporter-output>
  </reporter-output>
  <suite started-at="2025-03-20T14:14:03 IST" name="Default suite" finished-at="2025-03-20T14:14:05 IST" duration-ms="1872">
    <groups>
      <group name="cucumber">
        <method signature="AbstractTestNGCucumberTests.runScenario(io.cucumber.testng.PickleWrapper,io.cucumber.testng.FeatureWrapper)[pri:0, instance:testRunner.TestNGTestRunner@66d18979]" name="runScenario" class="io.cucumber.testng.AbstractTestNGCucumberTests"/>
      </group> <!-- cucumber -->
    </groups>
    <test started-at="2025-03-20T14:14:03 IST" name="Default test" finished-at="2025-03-20T14:14:05 IST" duration-ms="1872">
      <class name="testRunner.TestNGTestRunner">
        <test-method is-config="true" signature="setUpClass(org.testng.ITestContext)[pri:0, instance:testRunner.TestNGTestRunner@66d18979]" started-at="2025-03-20T14:14:03 IST" name="setUpClass" finished-at="2025-03-20T14:14:04 IST" duration-ms="1193" status="PASS">
          <params>
            <param index="0">
              <value>
                <![CDATA[org.testng.TestRunner@2e27d72f]]>
              </value>
            </param>
          </params>
          <reporter-output>
          </reporter-output>
        </test-method> <!-- setUpClass -->
        <test-method signature="runScenario(io.cucumber.testng.PickleWrapper,io.cucumber.testng.FeatureWrapper)[pri:0, instance:testRunner.TestNGTestRunner@66d18979]" started-at="2025-03-20T14:14:04 IST" name="runScenario" description="Runs Cucumber Scenarios" data-provider="scenarios" finished-at="2025-03-20T14:14:04 IST" duration-ms="191" status="PASS">
          <params>
            <param index="0">
              <value>
                <![CDATA["Check if the user is able to view the uber website"]]>
              </value>
            </param>
            <param index="1">
              <value>
                <![CDATA["Check if the uber website is functionally working"]]>
              </value>
            </param>
          </params>
          <reporter-output>
          </reporter-output>
        </test-method> <!-- runScenario -->
        <test-method signature="runScenario(io.cucumber.testng.PickleWrapper,io.cucumber.testng.FeatureWrapper)[pri:0, instance:testRunner.TestNGTestRunner@66d18979]" started-at="2025-03-20T14:14:04 IST" name="runScenario" description="Runs Cucumber Scenarios" data-provider="scenarios" finished-at="2025-03-20T14:14:04 IST" duration-ms="74" status="PASS">
          <params>
            <param index="0">
              <value>
                <![CDATA["Check if the user is able to search for any cabs"]]>
              </value>
            </param>
            <param index="1">
              <value>
                <![CDATA["Check if the uber website is functionally working"]]>
              </value>
            </param>
          </params>
          <reporter-output>
          </reporter-output>
        </test-method> <!-- runScenario -->
        <test-method signature="runScenario(io.cucumber.testng.PickleWrapper,io.cucumber.testng.FeatureWrapper)[pri:0, instance:testRunner.TestNGTestRunner@66d18979]" started-at="2025-03-20T14:14:04 IST" name="runScenario" description="Runs Cucumber Scenarios" data-provider="scenarios" finished-at="2025-03-20T14:14:04 IST" duration-ms="44" status="PASS">
          <params>
            <param index="0">
              <value>
                <![CDATA["Check if the user is able to login to the app"]]>
              </value>
            </param>
            <param index="1">
              <value>
                <![CDATA["Check if the uber website is functionally working"]]>
              </value>
            </param>
          </params>
          <reporter-output>
          </reporter-output>
        </test-method> <!-- runScenario -->
        <test-method signature="runScenario(io.cucumber.testng.PickleWrapper,io.cucumber.testng.FeatureWrapper)[pri:0, instance:testRunner.TestNGTestRunner@66d18979]" started-at="2025-03-20T14:14:04 IST" name="runScenario" description="Runs Cucumber Scenarios" data-provider="scenarios" finished-at="2025-03-20T14:14:04 IST" duration-ms="33" status="PASS">
          <params>
            <param index="0">
              <value>
                <![CDATA["Check if the user is able to complete payment with VISA card"]]>
              </value>
            </param>
            <param index="1">
              <value>
                <![CDATA["Check if the uber website is functionally working"]]>
              </value>
            </param>
          </params>
          <reporter-output>
          </reporter-output>
        </test-method> <!-- runScenario -->
        <test-method signature="runScenario(io.cucumber.testng.PickleWrapper,io.cucumber.testng.FeatureWrapper)[pri:0, instance:testRunner.TestNGTestRunner@66d18979]" started-at="2025-03-20T14:14:04 IST" name="runScenario" description="Runs Cucumber Scenarios" data-provider="scenarios" finished-at="2025-03-20T14:14:04 IST" duration-ms="42" status="PASS">
          <params>
            <param index="0">
              <value>
                <![CDATA["Check if the user is able to update the language"]]>
              </value>
            </param>
            <param index="1">
              <value>
                <![CDATA["Check if the uber website is functionally working"]]>
              </value>
            </param>
          </params>
          <reporter-output>
          </reporter-output>
        </test-method> <!-- runScenario -->
        <test-method is-config="true" signature="tearDownClass()[pri:0, instance:testRunner.TestNGTestRunner@66d18979]" started-at="2025-03-20T14:14:04 IST" name="tearDownClass" finished-at="2025-03-20T14:14:05 IST" duration-ms="181" status="PASS">
          <reporter-output>
          </reporter-output>
        </test-method> <!-- tearDownClass -->
      </class> <!-- testRunner.TestNGTestRunner -->
    </test> <!-- Default test -->
  </suite> <!-- Default suite -->
</testng-results>
