<?xml version="1.0" encoding="UTF-8"?>
<testng-results ignored="0" total="3" passed="3" failed="0" skipped="0">
  <reporter-output>
  </reporter-output>
  <suite started-at="2025-03-08T22:29:42 IST" name="Default suite" finished-at="2025-03-08T22:29:42 IST" duration-ms="262">
    <groups>
    </groups>
    <test started-at="2025-03-08T22:29:42 IST" name="Default test" finished-at="2025-03-08T22:29:42 IST" duration-ms="262">
      <class name="com.datadrivenexamples.DataProviderClassEx">
        <test-method signature="sampleTest(java.lang.Object)[pri:0, instance:com.datadrivenexamples.DataProviderClassEx@6356695f]" started-at="2025-03-08T22:29:42 IST" name="sampleTest" data-provider="datamethod" finished-at="2025-03-08T22:29:42 IST" duration-ms="49" status="PASS">
          <params>
            <param index="0">
              <value>
                <![CDATA[10]]>
              </value>
            </param>
          </params>
          <reporter-output>
          </reporter-output>
        </test-method> <!-- sampleTest -->
        <test-method signature="sampleTest(java.lang.Object)[pri:0, instance:com.datadrivenexamples.DataProviderClassEx@6356695f]" started-at="2025-03-08T22:29:42 IST" name="sampleTest" data-provider="datamethod" finished-at="2025-03-08T22:29:42 IST" duration-ms="8" status="PASS">
          <params>
            <param index="0">
              <value>
                <![CDATA[20]]>
              </value>
            </param>
          </params>
          <reporter-output>
          </reporter-output>
        </test-method> <!-- sampleTest -->
        <test-method signature="sampleTest(java.lang.Object)[pri:0, instance:com.datadrivenexamples.DataProviderClassEx@6356695f]" started-at="2025-03-08T22:29:42 IST" name="sampleTest" data-provider="datamethod" finished-at="2025-03-08T22:29:42 IST" duration-ms="14" status="PASS">
          <params>
            <param index="0">
              <value>
                <![CDATA[30]]>
              </value>
            </param>
          </params>
          <reporter-output>
          </reporter-output>
        </test-method> <!-- sampleTest -->
      </class> <!-- com.datadrivenexamples.DataProviderClassEx -->
    </test> <!-- Default test -->
  </suite> <!-- Default suite -->
</testng-results>
